Determining if the pthread_create exist failed with the following output:
Change Dir: /home/senoa95/vt_agBOT/src/gps/build/catkin_tools_prebuild/CMakeFiles/CMakeTmp

Run Build Command:"/usr/bin/make" "cmTC_9b1cf/fast"
/usr/bin/make -f CMakeFiles/cmTC_9b1cf.dir/build.make CMakeFiles/cmTC_9b1cf.dir/build
make[1]: Entering directory '/home/senoa95/vt_agBOT/src/gps/build/catkin_tools_prebuild/CMakeFiles/CMakeTmp'
Building C object CMakeFiles/cmTC_9b1cf.dir/CheckSymbolExists.c.o
/usr/bin/cc     -o CMakeFiles/cmTC_9b1cf.dir/CheckSymbolExists.c.o   -c /home/senoa95/vt_agBOT/src/gps/build/catkin_tools_prebuild/CMakeFiles/CMakeTmp/CheckSymbolExists.c
Linking C executable cmTC_9b1cf
/usr/bin/cmake -E cmake_link_script CMakeFiles/cmTC_9b1cf.dir/link.txt --verbose=1
/usr/bin/cc       CMakeFiles/cmTC_9b1cf.dir/CheckSymbolExists.c.o  -o cmTC_9b1cf -rdynamic 
CMakeFiles/cmTC_9b1cf.dir/CheckSymbolExists.c.o: In function `main':
CheckSymbolExists.c:(.text+0x16): undefined reference to `pthread_create'
collect2: error: ld returned 1 exit status
CMakeFiles/cmTC_9b1cf.dir/build.make:97: recipe for target 'cmTC_9b1cf' failed
make[1]: *** [cmTC_9b1cf] Error 1
make[1]: Leaving directory '/home/senoa95/vt_agBOT/src/gps/build/catkin_tools_prebuild/CMakeFiles/CMakeTmp'
Makefile:126: recipe for target 'cmTC_9b1cf/fast' failed
make: *** [cmTC_9b1cf/fast] Error 2

File /home/senoa95/vt_agBOT/src/gps/build/catkin_tools_prebuild/CMakeFiles/CMakeTmp/CheckSymbolExists.c:
/* */
#include <pthread.h>

int main(int argc, char** argv)
{
  (void)argv;
#ifndef pthread_create
  return ((int*)(&pthread_create))[argc];
#else
  (void)argc;
  return 0;
#endif
}

Determining if the function pthread_create exists in the pthreads failed with the following output:
Change Dir: /home/senoa95/vt_agBOT/src/gps/build/catkin_tools_prebuild/CMakeFiles/CMakeTmp

Run Build Command:"/usr/bin/make" "cmTC_915ba/fast"
/usr/bin/make -f CMakeFiles/cmTC_915ba.dir/build.make CMakeFiles/cmTC_915ba.dir/build
make[1]: Entering directory '/home/senoa95/vt_agBOT/src/gps/build/catkin_tools_prebuild/CMakeFiles/CMakeTmp'
Building C object CMakeFiles/cmTC_915ba.dir/CheckFunctionExists.c.o
/usr/bin/cc    -DCHECK_FUNCTION_EXISTS=pthread_create   -o CMakeFiles/cmTC_915ba.dir/CheckFunctionExists.c.o   -c /usr/share/cmake-3.5/Modules/CheckFunctionExists.c
Linking C executable cmTC_915ba
/usr/bin/cmake -E cmake_link_script CMakeFiles/cmTC_915ba.dir/link.txt --verbose=1
/usr/bin/cc   -DCHECK_FUNCTION_EXISTS=pthread_create    CMakeFiles/cmTC_915ba.dir/CheckFunctionExists.c.o  -o cmTC_915ba -rdynamic -lpthreads 
/usr/bin/ld: cannot find -lpthreads
collect2: error: ld returned 1 exit status
CMakeFiles/cmTC_915ba.dir/build.make:97: recipe for target 'cmTC_915ba' failed
make[1]: *** [cmTC_915ba] Error 1
make[1]: Leaving directory '/home/senoa95/vt_agBOT/src/gps/build/catkin_tools_prebuild/CMakeFiles/CMakeTmp'
Makefile:126: recipe for target 'cmTC_915ba/fast' failed
make: *** [cmTC_915ba/fast] Error 2


