[35m[1mScanning dependencies of target joy_input[0m
[  7%] [32mBuilding CXX object CMakeFiles/joy_input.dir/src/joy_input.cpp.o[0m
In file included from [01m[K/opt/ros/kinetic/include/ros/ros.h:40:0[m[K,
                 from [01m[K/home/agbot/vt_agBOT/src/joystick_input/src/joy_input.cpp:18[m[K:
[01m[K/home/agbot/vt_agBOT/src/joystick_input/src/joy_input.cpp:[m[K In member function ‘[01m[Kvoid JoyInput::joyCallback(const ConstPtr&)[m[K’:
[01m[K/opt/ros/kinetic/include/ros/console.h:346:176:[m[K [01;35m[Kwarning: [m[Kformat ‘[01m[K%d[m[K’ expects argument of type ‘[01m[Kint[m[K’, but argument 9 has type ‘[01m[Kstd::vector<int>::size_type {aka long unsigned int}[m[K’ [-Wformat=]
     ::ros::console::print(filter, __rosconsole_define_location__loc.logger_, __rosconsole_define_location__loc.level_, __FILE__, __LINE__, __ROSCONSOLE_FUNCTION__, __VA_ARGS__)
[01;32m[K                                                                                                                                                                                ^[m[K
[01m[K/opt/ros/kinetic/include/ros/console.h:349:5:[m[K [01;36m[Knote: [m[Kin expansion of macro ‘[01m[KROSCONSOLE_PRINT_AT_LOCATION_WITH_FILTER[m[K’
     ROSCONSOLE_PRINT_AT_LOCATION_WITH_FILTER(0, __VA_ARGS__)
[01;32m[K     ^[m[K
[01m[K/opt/ros/kinetic/include/ros/console.h:379:7:[m[K [01;36m[Knote: [m[Kin expansion of macro ‘[01m[KROSCONSOLE_PRINT_AT_LOCATION[m[K’
       ROSCONSOLE_PRINT_AT_LOCATION(__VA_ARGS__); \
[01;32m[K       ^[m[K
[01m[K/opt/ros/kinetic/include/ros/console.h:561:35:[m[K [01;36m[Knote: [m[Kin expansion of macro ‘[01m[KROS_LOG_COND[m[K’
 #define ROS_LOG(level, name, ...) ROS_LOG_COND(true, level, name, __VA_ARGS__)
[01;32m[K                                   ^[m[K
[01m[K/opt/ros/kinetic/include/rosconsole/macros_generated.h:110:23:[m[K [01;36m[Knote: [m[Kin expansion of macro ‘[01m[KROS_LOG[m[K’
 #define ROS_INFO(...) ROS_LOG(::ros::console::levels::Info, ROSCONSOLE_DEFAULT_NAME, __VA_ARGS__)
[01;32m[K                       ^[m[K
[01m[K/home/agbot/vt_agBOT/src/joystick_input/src/joy_input.cpp:864:17:[m[K [01;36m[Knote: [m[Kin expansion of macro ‘[01m[KROS_INFO[m[K’
                 ROS_INFO("Got joystick input with unrecognized button %2d as 1st button down [%d buttons %d axes]",
[01;32m[K                 ^[m[K
[01m[K/opt/ros/kinetic/include/ros/console.h:346:176:[m[K [01;35m[Kwarning: [m[Kformat ‘[01m[K%d[m[K’ expects argument of type ‘[01m[Kint[m[K’, but argument 10 has type ‘[01m[Kstd::vector<float>::size_type {aka long unsigned int}[m[K’ [-Wformat=]
     ::ros::console::print(filter, __rosconsole_define_location__loc.logger_, __rosconsole_define_location__loc.level_, __FILE__, __LINE__, __ROSCONSOLE_FUNCTION__, __VA_ARGS__)
[01;32m[K                                                                                                                                                                                ^[m[K
[01m[K/opt/ros/kinetic/include/ros/console.h:349:5:[m[K [01;36m[Knote: [m[Kin expansion of macro ‘[01m[KROSCONSOLE_PRINT_AT_LOCATION_WITH_FILTER[m[K’
     ROSCONSOLE_PRINT_AT_LOCATION_WITH_FILTER(0, __VA_ARGS__)
[01;32m[K     ^[m[K
[01m[K/opt/ros/kinetic/include/ros/console.h:379:7:[m[K [01;36m[Knote: [m[Kin expansion of macro ‘[01m[KROSCONSOLE_PRINT_AT_LOCATION[m[K’
       ROSCONSOLE_PRINT_AT_LOCATION(__VA_ARGS__); \
[01;32m[K       ^[m[K
[01m[K/opt/ros/kinetic/include/ros/console.h:561:35:[m[K [01;36m[Knote: [m[Kin expansion of macro ‘[01m[KROS_LOG_COND[m[K’
 #define ROS_LOG(level, name, ...) ROS_LOG_COND(true, level, name, __VA_ARGS__)
[01;32m[K                                   ^[m[K
[01m[K/opt/ros/kinetic/include/rosconsole/macros_generated.h:110:23:[m[K [01;36m[Knote: [m[Kin expansion of macro ‘[01m[KROS_LOG[m[K’
 #define ROS_INFO(...) ROS_LOG(::ros::console::levels::Info, ROSCONSOLE_DEFAULT_NAME, __VA_ARGS__)
[01;32m[K                       ^[m[K
[01m[K/home/agbot/vt_agBOT/src/joystick_input/src/joy_input.cpp:864:17:[m[K [01;36m[Knote: [m[Kin expansion of macro ‘[01m[KROS_INFO[m[K’
                 ROS_INFO("Got joystick input with unrecognized button %2d as 1st button down [%d buttons %d axes]",
[01;32m[K                 ^[m[K
[01m[K/opt/ros/kinetic/include/ros/console.h:346:176:[m[K [01;35m[Kwarning: [m[Kformat ‘[01m[K%d[m[K’ expects argument of type ‘[01m[Kint[m[K’, but argument 8 has type ‘[01m[Kstd::vector<int>::size_type {aka long unsigned int}[m[K’ [-Wformat=]
     ::ros::console::print(filter, __rosconsole_define_location__loc.logger_, __rosconsole_define_location__loc.level_, __FILE__, __LINE__, __ROSCONSOLE_FUNCTION__, __VA_ARGS__)
[01;32m[K                                                                                                                                                                                ^[m[K
[01m[K/opt/ros/kinetic/include/ros/console.h:349:5:[m[K [01;36m[Knote: [m[Kin expansion of macro ‘[01m[KROSCONSOLE_PRINT_AT_LOCATION_WITH_FILTER[m[K’
     ROSCONSOLE_PRINT_AT_LOCATION_WITH_FILTER(0, __VA_ARGS__)
[01;32m[K     ^[m[K
[01m[K/opt/ros/kinetic/include/ros/console.h:379:7:[m[K [01;36m[Knote: [m[Kin expansion of macro ‘[01m[KROSCONSOLE_PRINT_AT_LOCATION[m[K’
       ROSCONSOLE_PRINT_AT_LOCATION(__VA_ARGS__); \
[01;32m[K       ^[m[K
[01m[K/opt/ros/kinetic/include/ros/console.h:561:35:[m[K [01;36m[Knote: [m[Kin expansion of macro ‘[01m[KROS_LOG_COND[m[K’
 #define ROS_LOG(level, name, ...) ROS_LOG_COND(true, level, name, __VA_ARGS__)
[01;32m[K                                   ^[m[K
[01m[K/opt/ros/kinetic/include/rosconsole/macros_generated.h:58:24:[m[K [01;36m[Knote: [m[Kin expansion of macro ‘[01m[KROS_LOG[m[K’
 #define ROS_DEBUG(...) ROS_LOG(::ros::console::levels::Debug, ROSCONSOLE_DEFAULT_NAME, __VA_ARGS__)
[01;32m[K                        ^[m[K
[01m[K/home/agbot/vt_agBOT/src/joystick_input/src/joy_input.cpp:871:9:[m[K [01;36m[Knote: [m[Kin expansion of macro ‘[01m[KROS_DEBUG[m[K’
         ROS_DEBUG("Got joystick input with no button pressed            [%d buttons %d axes]",
[01;32m[K         ^[m[K
[01m[K/opt/ros/kinetic/include/ros/console.h:346:176:[m[K [01;35m[Kwarning: [m[Kformat ‘[01m[K%d[m[K’ expects argument of type ‘[01m[Kint[m[K’, but argument 9 has type ‘[01m[Kstd::vector<float>::size_type {aka long unsigned int}[m[K’ [-Wformat=]
     ::ros::console::print(filter, __rosconsole_define_location__loc.logger_, __rosconsole_define_location__loc.level_, __FILE__, __LINE__, __ROSCONSOLE_FUNCTION__, __VA_ARGS__)
[01;32m[K                                                                                                                                                                                ^[m[K
[01m[K/opt/ros/kinetic/include/ros/console.h:349:5:[m[K [01;36m[Knote: [m[Kin expansion of macro ‘[01m[KROSCONSOLE_PRINT_AT_LOCATION_WITH_FILTER[m[K’
     ROSCONSOLE_PRINT_AT_LOCATION_WITH_FILTER(0, __VA_ARGS__)
[01;32m[K     ^[m[K
[01m[K/opt/ros/kinetic/include/ros/console.h:379:7:[m[K [01;36m[Knote: [m[Kin expansion of macro ‘[01m[KROSCONSOLE_PRINT_AT_LOCATION[m[K’
       ROSCONSOLE_PRINT_AT_LOCATION(__VA_ARGS__); \
[01;32m[K       ^[m[K
[01m[K/opt/ros/kinetic/include/ros/console.h:561:35:[m[K [01;36m[Knote: [m[Kin expansion of macro ‘[01m[KROS_LOG_COND[m[K’
 #define ROS_LOG(level, name, ...) ROS_LOG_COND(true, level, name, __VA_ARGS__)
[01;32m[K                                   ^[m[K
[01m[K/opt/ros/kinetic/include/rosconsole/macros_generated.h:58:24:[m[K [01;36m[Knote: [m[Kin expansion of macro ‘[01m[KROS_LOG[m[K’
 #define ROS_DEBUG(...) ROS_LOG(::ros::console::levels::Debug, ROSCONSOLE_DEFAULT_NAME, __VA_ARGS__)
[01;32m[K                        ^[m[K
[01m[K/home/agbot/vt_agBOT/src/joystick_input/src/joy_input.cpp:871:9:[m[K [01;36m[Knote: [m[Kin expansion of macro ‘[01m[KROS_DEBUG[m[K’
         ROS_DEBUG("Got joystick input with no button pressed            [%d buttons %d axes]",
[01;32m[K         ^[m[K
[35m[1mScanning dependencies of target _joy_input_generate_messages_check_deps_latlon[0m
[  7%] Built target _joy_input_generate_messages_check_deps_latlon
[35m[1mScanning dependencies of target _joy_input_generate_messages_check_deps_AckermannDrive[0m
[35m[1mScanning dependencies of target move_base_msgs_generate_messages_cpp[0m
[  7%] Built target move_base_msgs_generate_messages_cpp
[35m[1mScanning dependencies of target actionlib_generate_messages_cpp[0m
[  7%] Built target actionlib_generate_messages_cpp
[  7%] Built target _joy_input_generate_messages_check_deps_AckermannDrive
[35m[1mScanning dependencies of target std_msgs_generate_messages_cpp[0m
[35m[1mScanning dependencies of target std_msgs_generate_messages_py[0m
[  7%] Built target std_msgs_generate_messages_cpp
[  7%] Built target std_msgs_generate_messages_py
[35m[1mScanning dependencies of target move_base_msgs_generate_messages_py[0m
[35m[1mScanning dependencies of target actionlib_generate_messages_py[0m
[  7%] Built target move_base_msgs_generate_messages_py
[  7%] Built target actionlib_generate_messages_py
[35m[1mScanning dependencies of target std_msgs_generate_messages_lisp[0m
[35m[1mScanning dependencies of target move_base_msgs_generate_messages_lisp[0m
[  7%] Built target std_msgs_generate_messages_lisp
[  7%] Built target move_base_msgs_generate_messages_lisp
[35m[1mScanning dependencies of target actionlib_generate_messages_lisp[0m
[35m[1mScanning dependencies of target std_msgs_generate_messages_eus[0m
[  7%] Built target actionlib_generate_messages_lisp
[  7%] Built target std_msgs_generate_messages_eus
[35m[1mScanning dependencies of target actionlib_generate_messages_eus[0m
[35m[1mScanning dependencies of target move_base_msgs_generate_messages_eus[0m
[  7%] Built target actionlib_generate_messages_eus
[  7%] Built target move_base_msgs_generate_messages_eus
[35m[1mScanning dependencies of target move_base_msgs_generate_messages_nodejs[0m
[35m[1mScanning dependencies of target std_msgs_generate_messages_nodejs[0m
[  7%] Built target std_msgs_generate_messages_nodejs
[  7%] Built target move_base_msgs_generate_messages_nodejs
[35m[1mScanning dependencies of target actionlib_generate_messages_nodejs[0m
[35m[1mScanning dependencies of target joy_input_generate_messages_cpp[0m
[ 14%] [34m[1mGenerating C++ code from joy_input/latlon.msg[0m
[ 14%] Built target actionlib_generate_messages_nodejs
[35m[1mScanning dependencies of target joy_input_generate_messages_py[0m
[ 21%] [34m[1mGenerating Python from MSG joy_input/latlon[0m
[ 28%] [34m[1mGenerating Python from MSG joy_input/AckermannDrive[0m
[ 35%] [34m[1mGenerating C++ code from joy_input/AckermannDrive.msg[0m
[ 42%] [34m[1mGenerating Python msg __init__.py for joy_input[0m
[ 42%] Built target joy_input_generate_messages_py
[ 42%] Built target joy_input_generate_messages_cpp
[35m[1mScanning dependencies of target joy_input_generate_messages_lisp[0m
[35m[1mScanning dependencies of target joy_input_generate_messages_eus[0m
[ 50%] [34m[1mGenerating EusLisp code from joy_input/latlon.msg[0m
[ 57%] [34m[1mGenerating Lisp code from joy_input/latlon.msg[0m
[ 64%] [34m[1mGenerating Lisp code from joy_input/AckermannDrive.msg[0m
[ 71%] [34m[1mGenerating EusLisp code from joy_input/AckermannDrive.msg[0m
[ 71%] Built target joy_input_generate_messages_lisp
[ 78%] [32m[1mLinking CXX shared library /home/agbot/vt_agBOT/devel/.private/joy_input/lib/libjoy_input.so[0m
[35m[1mScanning dependencies of target joy_input_generate_messages_nodejs[0m
[ 85%] [34m[1mGenerating Javascript code from joy_input/latlon.msg[0m
[ 92%] [34m[1mGenerating EusLisp manifest code for joy_input[0m
[100%] [34m[1mGenerating Javascript code from joy_input/AckermannDrive.msg[0m
[100%] Built target joy_input_generate_messages_nodejs
[100%] Built target joy_input
[100%] Built target joy_input_generate_messages_eus
[35m[1mScanning dependencies of target joy_input_generate_messages[0m
[100%] Built target joy_input_generate_messages
