[ 14%] Built target joy_input
[ 14%] Built target _joy_input_generate_messages_check_deps_latlon
[ 14%] Built target _joy_input_generate_messages_check_deps_AckermannDrive
[ 14%] Built target move_base_msgs_generate_messages_cpp
[ 14%] Built target actionlib_generate_messages_cpp
[ 14%] Built target std_msgs_generate_messages_cpp
[ 14%] Built target std_msgs_generate_messages_py
[ 14%] Built target move_base_msgs_generate_messages_py
[ 14%] Built target actionlib_generate_messages_py
[ 14%] Built target std_msgs_generate_messages_lisp
[ 14%] Built target move_base_msgs_generate_messages_lisp
[ 14%] Built target actionlib_generate_messages_lisp
[ 14%] Built target std_msgs_generate_messages_eus
[ 14%] Built target actionlib_generate_messages_eus
[ 14%] Built target move_base_msgs_generate_messages_eus
[ 14%] Built target move_base_msgs_generate_messages_nodejs
[ 14%] Built target std_msgs_generate_messages_nodejs
[ 14%] Built target actionlib_generate_messages_nodejs
[ 28%] Built target joy_input_generate_messages_cpp
[ 50%] Built target joy_input_generate_messages_py
[ 64%] Built target joy_input_generate_messages_lisp
[ 85%] Built target joy_input_generate_messages_eus
[100%] Built target joy_input_generate_messages_nodejs
[100%] Built target joy_input_generate_messages
