Symlinking /home/agbot/vt_agBOT/devel/include/joy_input/latlon.h
Symlinking /home/agbot/vt_agBOT/devel/include/joy_input/AckermannDrive.h
Symlinking /home/agbot/vt_agBOT/devel/lib/libjoy_input.so
Symlinking /home/agbot/vt_agBOT/devel/lib/pkgconfig/joy_input.pc
Symlinking /home/agbot/vt_agBOT/devel/lib/python2.7/dist-packages/joy_input/__init__.py
Symlinking /home/agbot/vt_agBOT/devel/lib/python2.7/dist-packages/joy_input/msg/_AckermannDrive.py
Symlinking /home/agbot/vt_agBOT/devel/lib/python2.7/dist-packages/joy_input/msg/__init__.py
Symlinking /home/agbot/vt_agBOT/devel/lib/python2.7/dist-packages/joy_input/msg/_latlon.py
Symlinking /home/agbot/vt_agBOT/devel/share/roseus/ros/joy_input/manifest.l
Symlinking /home/agbot/vt_agBOT/devel/share/roseus/ros/joy_input/msg/AckermannDrive.l
Symlinking /home/agbot/vt_agBOT/devel/share/roseus/ros/joy_input/msg/latlon.l
Symlinking /home/agbot/vt_agBOT/devel/share/joy_input/cmake/joy_inputConfig.cmake
Symlinking /home/agbot/vt_agBOT/devel/share/joy_input/cmake/joy_inputConfig-version.cmake
Symlinking /home/agbot/vt_agBOT/devel/share/joy_input/cmake/joy_input-msg-paths.cmake
Symlinking /home/agbot/vt_agBOT/devel/share/joy_input/cmake/joy_input-msg-extras.cmake
Symlinking /home/agbot/vt_agBOT/devel/share/gennodejs/ros/joy_input/_index.js
Symlinking /home/agbot/vt_agBOT/devel/share/gennodejs/ros/joy_input/msg/_index.js
Symlinking /home/agbot/vt_agBOT/devel/share/gennodejs/ros/joy_input/msg/latlon.js
Symlinking /home/agbot/vt_agBOT/devel/share/gennodejs/ros/joy_input/msg/AckermannDrive.js
Symlinking /home/agbot/vt_agBOT/devel/share/common-lisp/ros/joy_input/msg/_package_AckermannDrive.lisp
Symlinking /home/agbot/vt_agBOT/devel/share/common-lisp/ros/joy_input/msg/joy_input-msg.asd
Symlinking /home/agbot/vt_agBOT/devel/share/common-lisp/ros/joy_input/msg/AckermannDrive.lisp
Symlinking /home/agbot/vt_agBOT/devel/share/common-lisp/ros/joy_input/msg/_package.lisp
Symlinking /home/agbot/vt_agBOT/devel/share/common-lisp/ros/joy_input/msg/latlon.lisp
Symlinking /home/agbot/vt_agBOT/devel/share/common-lisp/ros/joy_input/msg/_package_latlon.lisp
