Linked: (/home/agbot/vt_agBOT/devel/.private/joy_input/include/joy_input/latlon.h, /home/agbot/vt_agBOT/devel/include/joy_input/latlon.h)
Linked: (/home/agbot/vt_agBOT/devel/.private/joy_input/include/joy_input/AckermannDrive.h, /home/agbot/vt_agBOT/devel/include/joy_input/AckermannDrive.h)
Linked: (/home/agbot/vt_agBOT/devel/.private/joy_input/lib/libjoy_input.so, /home/agbot/vt_agBOT/devel/lib/libjoy_input.so)
Linked: (/home/agbot/vt_agBOT/devel/.private/joy_input/lib/pkgconfig/joy_input.pc, /home/agbot/vt_agBOT/devel/lib/pkgconfig/joy_input.pc)
Linked: (/home/agbot/vt_agBOT/devel/.private/joy_input/lib/python2.7/dist-packages/joy_input/__init__.py, /home/agbot/vt_agBOT/devel/lib/python2.7/dist-packages/joy_input/__init__.py)
Linked: (/home/agbot/vt_agBOT/devel/.private/joy_input/lib/python2.7/dist-packages/joy_input/msg/_AckermannDrive.py, /home/agbot/vt_agBOT/devel/lib/python2.7/dist-packages/joy_input/msg/_AckermannDrive.py)
Linked: (/home/agbot/vt_agBOT/devel/.private/joy_input/lib/python2.7/dist-packages/joy_input/msg/__init__.py, /home/agbot/vt_agBOT/devel/lib/python2.7/dist-packages/joy_input/msg/__init__.py)
Linked: (/home/agbot/vt_agBOT/devel/.private/joy_input/lib/python2.7/dist-packages/joy_input/msg/_latlon.py, /home/agbot/vt_agBOT/devel/lib/python2.7/dist-packages/joy_input/msg/_latlon.py)
Linked: (/home/agbot/vt_agBOT/devel/.private/joy_input/share/roseus/ros/joy_input/manifest.l, /home/agbot/vt_agBOT/devel/share/roseus/ros/joy_input/manifest.l)
Linked: (/home/agbot/vt_agBOT/devel/.private/joy_input/share/roseus/ros/joy_input/msg/AckermannDrive.l, /home/agbot/vt_agBOT/devel/share/roseus/ros/joy_input/msg/AckermannDrive.l)
Linked: (/home/agbot/vt_agBOT/devel/.private/joy_input/share/roseus/ros/joy_input/msg/latlon.l, /home/agbot/vt_agBOT/devel/share/roseus/ros/joy_input/msg/latlon.l)
Linked: (/home/agbot/vt_agBOT/devel/.private/joy_input/share/joy_input/cmake/joy_inputConfig.cmake, /home/agbot/vt_agBOT/devel/share/joy_input/cmake/joy_inputConfig.cmake)
Linked: (/home/agbot/vt_agBOT/devel/.private/joy_input/share/joy_input/cmake/joy_inputConfig-version.cmake, /home/agbot/vt_agBOT/devel/share/joy_input/cmake/joy_inputConfig-version.cmake)
Linked: (/home/agbot/vt_agBOT/devel/.private/joy_input/share/joy_input/cmake/joy_input-msg-paths.cmake, /home/agbot/vt_agBOT/devel/share/joy_input/cmake/joy_input-msg-paths.cmake)
Linked: (/home/agbot/vt_agBOT/devel/.private/joy_input/share/joy_input/cmake/joy_input-msg-extras.cmake, /home/agbot/vt_agBOT/devel/share/joy_input/cmake/joy_input-msg-extras.cmake)
Linked: (/home/agbot/vt_agBOT/devel/.private/joy_input/share/gennodejs/ros/joy_input/_index.js, /home/agbot/vt_agBOT/devel/share/gennodejs/ros/joy_input/_index.js)
Linked: (/home/agbot/vt_agBOT/devel/.private/joy_input/share/gennodejs/ros/joy_input/msg/_index.js, /home/agbot/vt_agBOT/devel/share/gennodejs/ros/joy_input/msg/_index.js)
Linked: (/home/agbot/vt_agBOT/devel/.private/joy_input/share/gennodejs/ros/joy_input/msg/latlon.js, /home/agbot/vt_agBOT/devel/share/gennodejs/ros/joy_input/msg/latlon.js)
Linked: (/home/agbot/vt_agBOT/devel/.private/joy_input/share/gennodejs/ros/joy_input/msg/AckermannDrive.js, /home/agbot/vt_agBOT/devel/share/gennodejs/ros/joy_input/msg/AckermannDrive.js)
Linked: (/home/agbot/vt_agBOT/devel/.private/joy_input/share/common-lisp/ros/joy_input/msg/_package_AckermannDrive.lisp, /home/agbot/vt_agBOT/devel/share/common-lisp/ros/joy_input/msg/_package_AckermannDrive.lisp)
Linked: (/home/agbot/vt_agBOT/devel/.private/joy_input/share/common-lisp/ros/joy_input/msg/joy_input-msg.asd, /home/agbot/vt_agBOT/devel/share/common-lisp/ros/joy_input/msg/joy_input-msg.asd)
Linked: (/home/agbot/vt_agBOT/devel/.private/joy_input/share/common-lisp/ros/joy_input/msg/AckermannDrive.lisp, /home/agbot/vt_agBOT/devel/share/common-lisp/ros/joy_input/msg/AckermannDrive.lisp)
Linked: (/home/agbot/vt_agBOT/devel/.private/joy_input/share/common-lisp/ros/joy_input/msg/_package.lisp, /home/agbot/vt_agBOT/devel/share/common-lisp/ros/joy_input/msg/_package.lisp)
Linked: (/home/agbot/vt_agBOT/devel/.private/joy_input/share/common-lisp/ros/joy_input/msg/latlon.lisp, /home/agbot/vt_agBOT/devel/share/common-lisp/ros/joy_input/msg/latlon.lisp)
Linked: (/home/agbot/vt_agBOT/devel/.private/joy_input/share/common-lisp/ros/joy_input/msg/_package_latlon.lisp, /home/agbot/vt_agBOT/devel/share/common-lisp/ros/joy_input/msg/_package_latlon.lisp)
