Determining if the pthread_create exist failed with the following output:
Change Dir: /home/agbot/vt_agBOT/build/joy_input/CMakeFiles/CMakeTmp

Run Build Command:"/usr/bin/make" "cmTC_14ee5/fast"
/usr/bin/make -f CMakeFiles/cmTC_14ee5.dir/build.make CMakeFiles/cmTC_14ee5.dir/build
make[1]: Entering directory '/home/agbot/vt_agBOT/build/joy_input/CMakeFiles/CMakeTmp'
Building C object CMakeFiles/cmTC_14ee5.dir/CheckSymbolExists.c.o
/usr/bin/cc     -o CMakeFiles/cmTC_14ee5.dir/CheckSymbolExists.c.o   -c /home/agbot/vt_agBOT/build/joy_input/CMakeFiles/CMakeTmp/CheckSymbolExists.c
Linking C executable cmTC_14ee5
/usr/bin/cmake -E cmake_link_script CMakeFiles/cmTC_14ee5.dir/link.txt --verbose=1
/usr/bin/cc       CMakeFiles/cmTC_14ee5.dir/CheckSymbolExists.c.o  -o cmTC_14ee5 -rdynamic 
CMakeFiles/cmTC_14ee5.dir/CheckSymbolExists.c.o: In function `main':
CheckSymbolExists.c:(.text+0x16): undefined reference to `pthread_create'
collect2: error: ld returned 1 exit status
CMakeFiles/cmTC_14ee5.dir/build.make:97: recipe for target 'cmTC_14ee5' failed
make[1]: *** [cmTC_14ee5] Error 1
make[1]: Leaving directory '/home/agbot/vt_agBOT/build/joy_input/CMakeFiles/CMakeTmp'
Makefile:126: recipe for target 'cmTC_14ee5/fast' failed
make: *** [cmTC_14ee5/fast] Error 2

File /home/agbot/vt_agBOT/build/joy_input/CMakeFiles/CMakeTmp/CheckSymbolExists.c:
/* */
#include <pthread.h>

int main(int argc, char** argv)
{
  (void)argv;
#ifndef pthread_create
  return ((int*)(&pthread_create))[argc];
#else
  (void)argc;
  return 0;
#endif
}

Determining if the function pthread_create exists in the pthreads failed with the following output:
Change Dir: /home/agbot/vt_agBOT/build/joy_input/CMakeFiles/CMakeTmp

Run Build Command:"/usr/bin/make" "cmTC_eded7/fast"
/usr/bin/make -f CMakeFiles/cmTC_eded7.dir/build.make CMakeFiles/cmTC_eded7.dir/build
make[1]: Entering directory '/home/agbot/vt_agBOT/build/joy_input/CMakeFiles/CMakeTmp'
Building C object CMakeFiles/cmTC_eded7.dir/CheckFunctionExists.c.o
/usr/bin/cc    -DCHECK_FUNCTION_EXISTS=pthread_create   -o CMakeFiles/cmTC_eded7.dir/CheckFunctionExists.c.o   -c /usr/share/cmake-3.5/Modules/CheckFunctionExists.c
Linking C executable cmTC_eded7
/usr/bin/cmake -E cmake_link_script CMakeFiles/cmTC_eded7.dir/link.txt --verbose=1
/usr/bin/cc   -DCHECK_FUNCTION_EXISTS=pthread_create    CMakeFiles/cmTC_eded7.dir/CheckFunctionExists.c.o  -o cmTC_eded7 -rdynamic -lpthreads 
/usr/bin/ld: cannot find -lpthreads
collect2: error: ld returned 1 exit status
CMakeFiles/cmTC_eded7.dir/build.make:97: recipe for target 'cmTC_eded7' failed
make[1]: *** [cmTC_eded7] Error 1
make[1]: Leaving directory '/home/agbot/vt_agBOT/build/joy_input/CMakeFiles/CMakeTmp'
Makefile:126: recipe for target 'cmTC_eded7/fast' failed
make: *** [cmTC_eded7/fast] Error 2


