Determining if the pthread_create exist failed with the following output:
Change Dir: /home/agbot/vt_agBOT/build/catkin_tools_prebuild/CMakeFiles/CMakeTmp

Run Build Command:"/usr/bin/make" "cmTC_82717/fast"
/usr/bin/make -f CMakeFiles/cmTC_82717.dir/build.make CMakeFiles/cmTC_82717.dir/build
make[1]: Entering directory '/home/agbot/vt_agBOT/build/catkin_tools_prebuild/CMakeFiles/CMakeTmp'
Building C object CMakeFiles/cmTC_82717.dir/CheckSymbolExists.c.o
/usr/bin/cc     -o CMakeFiles/cmTC_82717.dir/CheckSymbolExists.c.o   -c /home/agbot/vt_agBOT/build/catkin_tools_prebuild/CMakeFiles/CMakeTmp/CheckSymbolExists.c
Linking C executable cmTC_82717
/usr/bin/cmake -E cmake_link_script CMakeFiles/cmTC_82717.dir/link.txt --verbose=1
/usr/bin/cc       CMakeFiles/cmTC_82717.dir/CheckSymbolExists.c.o  -o cmTC_82717 -rdynamic 
CMakeFiles/cmTC_82717.dir/CheckSymbolExists.c.o: In function `main':
CheckSymbolExists.c:(.text+0x16): undefined reference to `pthread_create'
collect2: error: ld returned 1 exit status
CMakeFiles/cmTC_82717.dir/build.make:97: recipe for target 'cmTC_82717' failed
make[1]: *** [cmTC_82717] Error 1
make[1]: Leaving directory '/home/agbot/vt_agBOT/build/catkin_tools_prebuild/CMakeFiles/CMakeTmp'
Makefile:126: recipe for target 'cmTC_82717/fast' failed
make: *** [cmTC_82717/fast] Error 2

File /home/agbot/vt_agBOT/build/catkin_tools_prebuild/CMakeFiles/CMakeTmp/CheckSymbolExists.c:
/* */
#include <pthread.h>

int main(int argc, char** argv)
{
  (void)argv;
#ifndef pthread_create
  return ((int*)(&pthread_create))[argc];
#else
  (void)argc;
  return 0;
#endif
}

Determining if the function pthread_create exists in the pthreads failed with the following output:
Change Dir: /home/agbot/vt_agBOT/build/catkin_tools_prebuild/CMakeFiles/CMakeTmp

Run Build Command:"/usr/bin/make" "cmTC_bb29d/fast"
/usr/bin/make -f CMakeFiles/cmTC_bb29d.dir/build.make CMakeFiles/cmTC_bb29d.dir/build
make[1]: Entering directory '/home/agbot/vt_agBOT/build/catkin_tools_prebuild/CMakeFiles/CMakeTmp'
Building C object CMakeFiles/cmTC_bb29d.dir/CheckFunctionExists.c.o
/usr/bin/cc    -DCHECK_FUNCTION_EXISTS=pthread_create   -o CMakeFiles/cmTC_bb29d.dir/CheckFunctionExists.c.o   -c /usr/share/cmake-3.5/Modules/CheckFunctionExists.c
Linking C executable cmTC_bb29d
/usr/bin/cmake -E cmake_link_script CMakeFiles/cmTC_bb29d.dir/link.txt --verbose=1
/usr/bin/cc   -DCHECK_FUNCTION_EXISTS=pthread_create    CMakeFiles/cmTC_bb29d.dir/CheckFunctionExists.c.o  -o cmTC_bb29d -rdynamic -lpthreads 
/usr/bin/ld: cannot find -lpthreads
collect2: error: ld returned 1 exit status
CMakeFiles/cmTC_bb29d.dir/build.make:97: recipe for target 'cmTC_bb29d' failed
make[1]: *** [cmTC_bb29d] Error 1
make[1]: Leaving directory '/home/agbot/vt_agBOT/build/catkin_tools_prebuild/CMakeFiles/CMakeTmp'
Makefile:126: recipe for target 'cmTC_bb29d/fast' failed
make: *** [cmTC_bb29d/fast] Error 2


