Determining if the pthread_create exist failed with the following output:
Change Dir: /home/agbot/vt_agBOT/src/gps/src/imu/build/CMakeFiles/CMakeTmp

Run Build Command:"/usr/bin/make" "cmTC_027bb/fast"
/usr/bin/make -f CMakeFiles/cmTC_027bb.dir/build.make CMakeFiles/cmTC_027bb.dir/build
make[1]: Entering directory '/home/agbot/vt_agBOT/src/gps/src/imu/build/CMakeFiles/CMakeTmp'
Building C object CMakeFiles/cmTC_027bb.dir/CheckSymbolExists.c.o
/usr/bin/cc     -o CMakeFiles/cmTC_027bb.dir/CheckSymbolExists.c.o   -c /home/agbot/vt_agBOT/src/gps/src/imu/build/CMakeFiles/CMakeTmp/CheckSymbolExists.c
Linking C executable cmTC_027bb
/usr/bin/cmake -E cmake_link_script CMakeFiles/cmTC_027bb.dir/link.txt --verbose=1
/usr/bin/cc       CMakeFiles/cmTC_027bb.dir/CheckSymbolExists.c.o  -o cmTC_027bb -rdynamic 
CMakeFiles/cmTC_027bb.dir/CheckSymbolExists.c.o: In function `main':
CheckSymbolExists.c:(.text+0x16): undefined reference to `pthread_create'
collect2: error: ld returned 1 exit status
CMakeFiles/cmTC_027bb.dir/build.make:97: recipe for target 'cmTC_027bb' failed
make[1]: *** [cmTC_027bb] Error 1
make[1]: Leaving directory '/home/agbot/vt_agBOT/src/gps/src/imu/build/CMakeFiles/CMakeTmp'
Makefile:126: recipe for target 'cmTC_027bb/fast' failed
make: *** [cmTC_027bb/fast] Error 2

File /home/agbot/vt_agBOT/src/gps/src/imu/build/CMakeFiles/CMakeTmp/CheckSymbolExists.c:
/* */
#include <pthread.h>

int main(int argc, char** argv)
{
  (void)argv;
#ifndef pthread_create
  return ((int*)(&pthread_create))[argc];
#else
  (void)argc;
  return 0;
#endif
}

Determining if the function pthread_create exists in the pthreads failed with the following output:
Change Dir: /home/agbot/vt_agBOT/src/gps/src/imu/build/CMakeFiles/CMakeTmp

Run Build Command:"/usr/bin/make" "cmTC_5edeb/fast"
/usr/bin/make -f CMakeFiles/cmTC_5edeb.dir/build.make CMakeFiles/cmTC_5edeb.dir/build
make[1]: Entering directory '/home/agbot/vt_agBOT/src/gps/src/imu/build/CMakeFiles/CMakeTmp'
Building C object CMakeFiles/cmTC_5edeb.dir/CheckFunctionExists.c.o
/usr/bin/cc    -DCHECK_FUNCTION_EXISTS=pthread_create   -o CMakeFiles/cmTC_5edeb.dir/CheckFunctionExists.c.o   -c /usr/share/cmake-3.5/Modules/CheckFunctionExists.c
Linking C executable cmTC_5edeb
/usr/bin/cmake -E cmake_link_script CMakeFiles/cmTC_5edeb.dir/link.txt --verbose=1
/usr/bin/cc   -DCHECK_FUNCTION_EXISTS=pthread_create    CMakeFiles/cmTC_5edeb.dir/CheckFunctionExists.c.o  -o cmTC_5edeb -rdynamic -lpthreads 
/usr/bin/ld: cannot find -lpthreads
collect2: error: ld returned 1 exit status
CMakeFiles/cmTC_5edeb.dir/build.make:97: recipe for target 'cmTC_5edeb' failed
make[1]: *** [cmTC_5edeb] Error 1
make[1]: Leaving directory '/home/agbot/vt_agBOT/src/gps/src/imu/build/CMakeFiles/CMakeTmp'
Makefile:126: recipe for target 'cmTC_5edeb/fast' failed
make: *** [cmTC_5edeb/fast] Error 2


