Symlinking /home/agbot/vt_agBOT/devel/include/novatel_gps_msgs/NovatelReceiverStatus.h
Symlinking /home/agbot/vt_agBOT/devel/include/novatel_gps_msgs/Gprmc.h
Symlinking /home/agbot/vt_agBOT/devel/include/novatel_gps_msgs/NovatelFRESETResponse.h
Symlinking /home/agbot/vt_agBOT/devel/include/novatel_gps_msgs/NovatelExtendedSolutionStatus.h
Symlinking /home/agbot/vt_agBOT/devel/include/novatel_gps_msgs/Insstdev.h
Symlinking /home/agbot/vt_agBOT/devel/include/novatel_gps_msgs/Satellite.h
Symlinking /home/agbot/vt_agBOT/devel/include/novatel_gps_msgs/Inscov.h
Symlinking /home/agbot/vt_agBOT/devel/include/novatel_gps_msgs/NovatelVelocity.h
Symlinking /home/agbot/vt_agBOT/devel/include/novatel_gps_msgs/NovatelMessageHeader.h
Symlinking /home/agbot/vt_agBOT/devel/include/novatel_gps_msgs/NovatelPosition.h
Symlinking /home/agbot/vt_agBOT/devel/include/novatel_gps_msgs/Inspva.h
Symlinking /home/agbot/vt_agBOT/devel/include/novatel_gps_msgs/Gpgsv.h
Symlinking /home/agbot/vt_agBOT/devel/include/novatel_gps_msgs/TrackstatChannel.h
Symlinking /home/agbot/vt_agBOT/devel/include/novatel_gps_msgs/Range.h
Symlinking /home/agbot/vt_agBOT/devel/include/novatel_gps_msgs/Gpgsa.h
Symlinking /home/agbot/vt_agBOT/devel/include/novatel_gps_msgs/Trackstat.h
Symlinking /home/agbot/vt_agBOT/devel/include/novatel_gps_msgs/NovatelCorrectedImuData.h
Symlinking /home/agbot/vt_agBOT/devel/include/novatel_gps_msgs/NovatelSignalMask.h
Symlinking /home/agbot/vt_agBOT/devel/include/novatel_gps_msgs/Time.h
Symlinking /home/agbot/vt_agBOT/devel/include/novatel_gps_msgs/Gpgga.h
Symlinking /home/agbot/vt_agBOT/devel/include/novatel_gps_msgs/NovatelFRESET.h
Symlinking /home/agbot/vt_agBOT/devel/include/novatel_gps_msgs/NovatelFRESETRequest.h
Symlinking /home/agbot/vt_agBOT/devel/include/novatel_gps_msgs/RangeInformation.h
Symlinking /home/agbot/vt_agBOT/devel/lib/pkgconfig/novatel_gps_msgs.pc
Symlinking /home/agbot/vt_agBOT/devel/lib/python2.7/dist-packages/novatel_gps_msgs/__init__.py
Symlinking /home/agbot/vt_agBOT/devel/lib/python2.7/dist-packages/novatel_gps_msgs/msg/_NovatelSignalMask.py
Symlinking /home/agbot/vt_agBOT/devel/lib/python2.7/dist-packages/novatel_gps_msgs/msg/_NovatelPosition.py
Symlinking /home/agbot/vt_agBOT/devel/lib/python2.7/dist-packages/novatel_gps_msgs/msg/_NovatelMessageHeader.py
Symlinking /home/agbot/vt_agBOT/devel/lib/python2.7/dist-packages/novatel_gps_msgs/msg/_Trackstat.py
Symlinking /home/agbot/vt_agBOT/devel/lib/python2.7/dist-packages/novatel_gps_msgs/msg/_RangeInformation.py
Symlinking /home/agbot/vt_agBOT/devel/lib/python2.7/dist-packages/novatel_gps_msgs/msg/_TrackstatChannel.py
Symlinking /home/agbot/vt_agBOT/devel/lib/python2.7/dist-packages/novatel_gps_msgs/msg/_Satellite.py
Symlinking /home/agbot/vt_agBOT/devel/lib/python2.7/dist-packages/novatel_gps_msgs/msg/_Gpgga.py
Symlinking /home/agbot/vt_agBOT/devel/lib/python2.7/dist-packages/novatel_gps_msgs/msg/_NovatelVelocity.py
Symlinking /home/agbot/vt_agBOT/devel/lib/python2.7/dist-packages/novatel_gps_msgs/msg/_Gprmc.py
Symlinking /home/agbot/vt_agBOT/devel/lib/python2.7/dist-packages/novatel_gps_msgs/msg/_Gpgsv.py
Symlinking /home/agbot/vt_agBOT/devel/lib/python2.7/dist-packages/novatel_gps_msgs/msg/_NovatelExtendedSolutionStatus.py
Symlinking /home/agbot/vt_agBOT/devel/lib/python2.7/dist-packages/novatel_gps_msgs/msg/_NovatelCorrectedImuData.py
Symlinking /home/agbot/vt_agBOT/devel/lib/python2.7/dist-packages/novatel_gps_msgs/msg/_Gpgsa.py
Symlinking /home/agbot/vt_agBOT/devel/lib/python2.7/dist-packages/novatel_gps_msgs/msg/_Inscov.py
Symlinking /home/agbot/vt_agBOT/devel/lib/python2.7/dist-packages/novatel_gps_msgs/msg/_Inspva.py
Symlinking /home/agbot/vt_agBOT/devel/lib/python2.7/dist-packages/novatel_gps_msgs/msg/__init__.py
Symlinking /home/agbot/vt_agBOT/devel/lib/python2.7/dist-packages/novatel_gps_msgs/msg/_Insstdev.py
Symlinking /home/agbot/vt_agBOT/devel/lib/python2.7/dist-packages/novatel_gps_msgs/msg/_Range.py
Symlinking /home/agbot/vt_agBOT/devel/lib/python2.7/dist-packages/novatel_gps_msgs/msg/_Time.py
Symlinking /home/agbot/vt_agBOT/devel/lib/python2.7/dist-packages/novatel_gps_msgs/msg/_NovatelReceiverStatus.py
Symlinking /home/agbot/vt_agBOT/devel/lib/python2.7/dist-packages/novatel_gps_msgs/srv/_NovatelFRESET.py
Symlinking /home/agbot/vt_agBOT/devel/lib/python2.7/dist-packages/novatel_gps_msgs/srv/__init__.py
Symlinking /home/agbot/vt_agBOT/devel/share/roseus/ros/novatel_gps_msgs/manifest.l
Symlinking /home/agbot/vt_agBOT/devel/share/roseus/ros/novatel_gps_msgs/msg/NovatelPosition.l
Symlinking /home/agbot/vt_agBOT/devel/share/roseus/ros/novatel_gps_msgs/msg/Satellite.l
Symlinking /home/agbot/vt_agBOT/devel/share/roseus/ros/novatel_gps_msgs/msg/Gpgsv.l
Symlinking /home/agbot/vt_agBOT/devel/share/roseus/ros/novatel_gps_msgs/msg/NovatelSignalMask.l
Symlinking /home/agbot/vt_agBOT/devel/share/roseus/ros/novatel_gps_msgs/msg/Inspva.l
Symlinking /home/agbot/vt_agBOT/devel/share/roseus/ros/novatel_gps_msgs/msg/NovatelCorrectedImuData.l
Symlinking /home/agbot/vt_agBOT/devel/share/roseus/ros/novatel_gps_msgs/msg/Range.l
Symlinking /home/agbot/vt_agBOT/devel/share/roseus/ros/novatel_gps_msgs/msg/Gpgga.l
Symlinking /home/agbot/vt_agBOT/devel/share/roseus/ros/novatel_gps_msgs/msg/NovatelMessageHeader.l
Symlinking /home/agbot/vt_agBOT/devel/share/roseus/ros/novatel_gps_msgs/msg/NovatelExtendedSolutionStatus.l
Symlinking /home/agbot/vt_agBOT/devel/share/roseus/ros/novatel_gps_msgs/msg/Gpgsa.l
Symlinking /home/agbot/vt_agBOT/devel/share/roseus/ros/novatel_gps_msgs/msg/NovatelVelocity.l
Symlinking /home/agbot/vt_agBOT/devel/share/roseus/ros/novatel_gps_msgs/msg/Gprmc.l
Symlinking /home/agbot/vt_agBOT/devel/share/roseus/ros/novatel_gps_msgs/msg/NovatelReceiverStatus.l
Symlinking /home/agbot/vt_agBOT/devel/share/roseus/ros/novatel_gps_msgs/msg/TrackstatChannel.l
Symlinking /home/agbot/vt_agBOT/devel/share/roseus/ros/novatel_gps_msgs/msg/Trackstat.l
Symlinking /home/agbot/vt_agBOT/devel/share/roseus/ros/novatel_gps_msgs/msg/Time.l
Symlinking /home/agbot/vt_agBOT/devel/share/roseus/ros/novatel_gps_msgs/msg/Inscov.l
Symlinking /home/agbot/vt_agBOT/devel/share/roseus/ros/novatel_gps_msgs/msg/RangeInformation.l
Symlinking /home/agbot/vt_agBOT/devel/share/roseus/ros/novatel_gps_msgs/msg/Insstdev.l
Symlinking /home/agbot/vt_agBOT/devel/share/roseus/ros/novatel_gps_msgs/srv/NovatelFRESET.l
Symlinking /home/agbot/vt_agBOT/devel/share/novatel_gps_msgs/cmake/novatel_gps_msgsConfig.cmake
Symlinking /home/agbot/vt_agBOT/devel/share/novatel_gps_msgs/cmake/novatel_gps_msgsConfig-version.cmake
Symlinking /home/agbot/vt_agBOT/devel/share/novatel_gps_msgs/cmake/novatel_gps_msgs-msg-paths.cmake
Symlinking /home/agbot/vt_agBOT/devel/share/novatel_gps_msgs/cmake/novatel_gps_msgs-msg-extras.cmake
Symlinking /home/agbot/vt_agBOT/devel/share/gennodejs/ros/novatel_gps_msgs/_index.js
Symlinking /home/agbot/vt_agBOT/devel/share/gennodejs/ros/novatel_gps_msgs/msg/NovatelSignalMask.js
Symlinking /home/agbot/vt_agBOT/devel/share/gennodejs/ros/novatel_gps_msgs/msg/Gprmc.js
Symlinking /home/agbot/vt_agBOT/devel/share/gennodejs/ros/novatel_gps_msgs/msg/NovatelExtendedSolutionStatus.js
Symlinking /home/agbot/vt_agBOT/devel/share/gennodejs/ros/novatel_gps_msgs/msg/Range.js
Symlinking /home/agbot/vt_agBOT/devel/share/gennodejs/ros/novatel_gps_msgs/msg/NovatelVelocity.js
Symlinking /home/agbot/vt_agBOT/devel/share/gennodejs/ros/novatel_gps_msgs/msg/NovatelPosition.js
Symlinking /home/agbot/vt_agBOT/devel/share/gennodejs/ros/novatel_gps_msgs/msg/Trackstat.js
Symlinking /home/agbot/vt_agBOT/devel/share/gennodejs/ros/novatel_gps_msgs/msg/_index.js
Symlinking /home/agbot/vt_agBOT/devel/share/gennodejs/ros/novatel_gps_msgs/msg/Time.js
Symlinking /home/agbot/vt_agBOT/devel/share/gennodejs/ros/novatel_gps_msgs/msg/TrackstatChannel.js
Symlinking /home/agbot/vt_agBOT/devel/share/gennodejs/ros/novatel_gps_msgs/msg/RangeInformation.js
Symlinking /home/agbot/vt_agBOT/devel/share/gennodejs/ros/novatel_gps_msgs/msg/Gpgsa.js
Symlinking /home/agbot/vt_agBOT/devel/share/gennodejs/ros/novatel_gps_msgs/msg/NovatelCorrectedImuData.js
Symlinking /home/agbot/vt_agBOT/devel/share/gennodejs/ros/novatel_gps_msgs/msg/Satellite.js
Symlinking /home/agbot/vt_agBOT/devel/share/gennodejs/ros/novatel_gps_msgs/msg/Gpgga.js
Symlinking /home/agbot/vt_agBOT/devel/share/gennodejs/ros/novatel_gps_msgs/msg/NovatelReceiverStatus.js
Symlinking /home/agbot/vt_agBOT/devel/share/gennodejs/ros/novatel_gps_msgs/msg/Insstdev.js
Symlinking /home/agbot/vt_agBOT/devel/share/gennodejs/ros/novatel_gps_msgs/msg/NovatelMessageHeader.js
Symlinking /home/agbot/vt_agBOT/devel/share/gennodejs/ros/novatel_gps_msgs/msg/Inspva.js
Symlinking /home/agbot/vt_agBOT/devel/share/gennodejs/ros/novatel_gps_msgs/msg/Inscov.js
Symlinking /home/agbot/vt_agBOT/devel/share/gennodejs/ros/novatel_gps_msgs/msg/Gpgsv.js
Symlinking /home/agbot/vt_agBOT/devel/share/gennodejs/ros/novatel_gps_msgs/srv/_index.js
Symlinking /home/agbot/vt_agBOT/devel/share/gennodejs/ros/novatel_gps_msgs/srv/NovatelFRESET.js
Symlinking /home/agbot/vt_agBOT/devel/share/common-lisp/ros/novatel_gps_msgs/msg/_package_NovatelPosition.lisp
Symlinking /home/agbot/vt_agBOT/devel/share/common-lisp/ros/novatel_gps_msgs/msg/Gpgga.lisp
Symlinking /home/agbot/vt_agBOT/devel/share/common-lisp/ros/novatel_gps_msgs/msg/Satellite.lisp
Symlinking /home/agbot/vt_agBOT/devel/share/common-lisp/ros/novatel_gps_msgs/msg/NovatelVelocity.lisp
Symlinking /home/agbot/vt_agBOT/devel/share/common-lisp/ros/novatel_gps_msgs/msg/_package_Time.lisp
Symlinking /home/agbot/vt_agBOT/devel/share/common-lisp/ros/novatel_gps_msgs/msg/_package_Insstdev.lisp
Symlinking /home/agbot/vt_agBOT/devel/share/common-lisp/ros/novatel_gps_msgs/msg/_package_RangeInformation.lisp
Symlinking /home/agbot/vt_agBOT/devel/share/common-lisp/ros/novatel_gps_msgs/msg/NovatelMessageHeader.lisp
Symlinking /home/agbot/vt_agBOT/devel/share/common-lisp/ros/novatel_gps_msgs/msg/RangeInformation.lisp
Symlinking /home/agbot/vt_agBOT/devel/share/common-lisp/ros/novatel_gps_msgs/msg/TrackstatChannel.lisp
Symlinking /home/agbot/vt_agBOT/devel/share/common-lisp/ros/novatel_gps_msgs/msg/_package_NovatelExtendedSolutionStatus.lisp
Symlinking /home/agbot/vt_agBOT/devel/share/common-lisp/ros/novatel_gps_msgs/msg/Inscov.lisp
Symlinking /home/agbot/vt_agBOT/devel/share/common-lisp/ros/novatel_gps_msgs/msg/_package_Range.lisp
Symlinking /home/agbot/vt_agBOT/devel/share/common-lisp/ros/novatel_gps_msgs/msg/Range.lisp
Symlinking /home/agbot/vt_agBOT/devel/share/common-lisp/ros/novatel_gps_msgs/msg/_package_Gpgsa.lisp
Symlinking /home/agbot/vt_agBOT/devel/share/common-lisp/ros/novatel_gps_msgs/msg/NovatelSignalMask.lisp
Symlinking /home/agbot/vt_agBOT/devel/share/common-lisp/ros/novatel_gps_msgs/msg/Inspva.lisp
Symlinking /home/agbot/vt_agBOT/devel/share/common-lisp/ros/novatel_gps_msgs/msg/_package_TrackstatChannel.lisp
Symlinking /home/agbot/vt_agBOT/devel/share/common-lisp/ros/novatel_gps_msgs/msg/_package_Gpgga.lisp
Symlinking /home/agbot/vt_agBOT/devel/share/common-lisp/ros/novatel_gps_msgs/msg/_package_Gpgsv.lisp
Symlinking /home/agbot/vt_agBOT/devel/share/common-lisp/ros/novatel_gps_msgs/msg/_package_Inscov.lisp
Symlinking /home/agbot/vt_agBOT/devel/share/common-lisp/ros/novatel_gps_msgs/msg/novatel_gps_msgs-msg.asd
Symlinking /home/agbot/vt_agBOT/devel/share/common-lisp/ros/novatel_gps_msgs/msg/Insstdev.lisp
Symlinking /home/agbot/vt_agBOT/devel/share/common-lisp/ros/novatel_gps_msgs/msg/Gprmc.lisp
Symlinking /home/agbot/vt_agBOT/devel/share/common-lisp/ros/novatel_gps_msgs/msg/_package_NovatelVelocity.lisp
Symlinking /home/agbot/vt_agBOT/devel/share/common-lisp/ros/novatel_gps_msgs/msg/_package_NovatelSignalMask.lisp
Symlinking /home/agbot/vt_agBOT/devel/share/common-lisp/ros/novatel_gps_msgs/msg/_package_Trackstat.lisp
Symlinking /home/agbot/vt_agBOT/devel/share/common-lisp/ros/novatel_gps_msgs/msg/_package_NovatelCorrectedImuData.lisp
Symlinking /home/agbot/vt_agBOT/devel/share/common-lisp/ros/novatel_gps_msgs/msg/Gpgsv.lisp
Symlinking /home/agbot/vt_agBOT/devel/share/common-lisp/ros/novatel_gps_msgs/msg/Time.lisp
Symlinking /home/agbot/vt_agBOT/devel/share/common-lisp/ros/novatel_gps_msgs/msg/_package.lisp
Symlinking /home/agbot/vt_agBOT/devel/share/common-lisp/ros/novatel_gps_msgs/msg/_package_NovatelReceiverStatus.lisp
Symlinking /home/agbot/vt_agBOT/devel/share/common-lisp/ros/novatel_gps_msgs/msg/_package_Gprmc.lisp
Symlinking /home/agbot/vt_agBOT/devel/share/common-lisp/ros/novatel_gps_msgs/msg/NovatelPosition.lisp
Symlinking /home/agbot/vt_agBOT/devel/share/common-lisp/ros/novatel_gps_msgs/msg/_package_Satellite.lisp
Symlinking /home/agbot/vt_agBOT/devel/share/common-lisp/ros/novatel_gps_msgs/msg/_package_NovatelMessageHeader.lisp
Symlinking /home/agbot/vt_agBOT/devel/share/common-lisp/ros/novatel_gps_msgs/msg/NovatelCorrectedImuData.lisp
Symlinking /home/agbot/vt_agBOT/devel/share/common-lisp/ros/novatel_gps_msgs/msg/Trackstat.lisp
Symlinking /home/agbot/vt_agBOT/devel/share/common-lisp/ros/novatel_gps_msgs/msg/NovatelExtendedSolutionStatus.lisp
Symlinking /home/agbot/vt_agBOT/devel/share/common-lisp/ros/novatel_gps_msgs/msg/_package_Inspva.lisp
Symlinking /home/agbot/vt_agBOT/devel/share/common-lisp/ros/novatel_gps_msgs/msg/NovatelReceiverStatus.lisp
Symlinking /home/agbot/vt_agBOT/devel/share/common-lisp/ros/novatel_gps_msgs/msg/Gpgsa.lisp
Symlinking /home/agbot/vt_agBOT/devel/share/common-lisp/ros/novatel_gps_msgs/srv/_package_NovatelFRESET.lisp
Symlinking /home/agbot/vt_agBOT/devel/share/common-lisp/ros/novatel_gps_msgs/srv/NovatelFRESET.lisp
Symlinking /home/agbot/vt_agBOT/devel/share/common-lisp/ros/novatel_gps_msgs/srv/_package.lisp
Symlinking /home/agbot/vt_agBOT/devel/share/common-lisp/ros/novatel_gps_msgs/srv/novatel_gps_msgs-srv.asd
