Determining if the pthread_create exist failed with the following output:
Change Dir: /home/agbot/vt_agBOT/build/novatel_imu/CMakeFiles/CMakeTmp

Run Build Command:"/usr/bin/make" "cmTC_31bb0/fast"
/usr/bin/make -f CMakeFiles/cmTC_31bb0.dir/build.make CMakeFiles/cmTC_31bb0.dir/build
make[1]: Entering directory '/home/agbot/vt_agBOT/build/novatel_imu/CMakeFiles/CMakeTmp'
Building C object CMakeFiles/cmTC_31bb0.dir/CheckSymbolExists.c.o
/usr/bin/cc     -o CMakeFiles/cmTC_31bb0.dir/CheckSymbolExists.c.o   -c /home/agbot/vt_agBOT/build/novatel_imu/CMakeFiles/CMakeTmp/CheckSymbolExists.c
Linking C executable cmTC_31bb0
/usr/bin/cmake -E cmake_link_script CMakeFiles/cmTC_31bb0.dir/link.txt --verbose=1
/usr/bin/cc       CMakeFiles/cmTC_31bb0.dir/CheckSymbolExists.c.o  -o cmTC_31bb0 -rdynamic 
CMakeFiles/cmTC_31bb0.dir/CheckSymbolExists.c.o: In function `main':
CheckSymbolExists.c:(.text+0x16): undefined reference to `pthread_create'
collect2: error: ld returned 1 exit status
CMakeFiles/cmTC_31bb0.dir/build.make:97: recipe for target 'cmTC_31bb0' failed
make[1]: *** [cmTC_31bb0] Error 1
make[1]: Leaving directory '/home/agbot/vt_agBOT/build/novatel_imu/CMakeFiles/CMakeTmp'
Makefile:126: recipe for target 'cmTC_31bb0/fast' failed
make: *** [cmTC_31bb0/fast] Error 2

File /home/agbot/vt_agBOT/build/novatel_imu/CMakeFiles/CMakeTmp/CheckSymbolExists.c:
/* */
#include <pthread.h>

int main(int argc, char** argv)
{
  (void)argv;
#ifndef pthread_create
  return ((int*)(&pthread_create))[argc];
#else
  (void)argc;
  return 0;
#endif
}

Determining if the function pthread_create exists in the pthreads failed with the following output:
Change Dir: /home/agbot/vt_agBOT/build/novatel_imu/CMakeFiles/CMakeTmp

Run Build Command:"/usr/bin/make" "cmTC_e358c/fast"
/usr/bin/make -f CMakeFiles/cmTC_e358c.dir/build.make CMakeFiles/cmTC_e358c.dir/build
make[1]: Entering directory '/home/agbot/vt_agBOT/build/novatel_imu/CMakeFiles/CMakeTmp'
Building C object CMakeFiles/cmTC_e358c.dir/CheckFunctionExists.c.o
/usr/bin/cc    -DCHECK_FUNCTION_EXISTS=pthread_create   -o CMakeFiles/cmTC_e358c.dir/CheckFunctionExists.c.o   -c /usr/share/cmake-3.5/Modules/CheckFunctionExists.c
Linking C executable cmTC_e358c
/usr/bin/cmake -E cmake_link_script CMakeFiles/cmTC_e358c.dir/link.txt --verbose=1
/usr/bin/cc   -DCHECK_FUNCTION_EXISTS=pthread_create    CMakeFiles/cmTC_e358c.dir/CheckFunctionExists.c.o  -o cmTC_e358c -rdynamic -lpthreads 
/usr/bin/ld: cannot find -lpthreads
collect2: error: ld returned 1 exit status
CMakeFiles/cmTC_e358c.dir/build.make:97: recipe for target 'cmTC_e358c' failed
make[1]: *** [cmTC_e358c] Error 1
make[1]: Leaving directory '/home/agbot/vt_agBOT/build/novatel_imu/CMakeFiles/CMakeTmp'
Makefile:126: recipe for target 'cmTC_e358c/fast' failed
make: *** [cmTC_e358c/fast] Error 2


