Determining if the pthread_create exist failed with the following output:
Change Dir: /home/senoa95/vt_agBOT/build/CMakeFiles/CMakeTmp

Run Build Command:"/usr/bin/make" "cmTC_bbd66/fast"
/usr/bin/make -f CMakeFiles/cmTC_bbd66.dir/build.make CMakeFiles/cmTC_bbd66.dir/build
make[1]: Entering directory '/home/senoa95/vt_agBOT/build/CMakeFiles/CMakeTmp'
Building C object CMakeFiles/cmTC_bbd66.dir/CheckSymbolExists.c.o
/usr/bin/cc     -o CMakeFiles/cmTC_bbd66.dir/CheckSymbolExists.c.o   -c /home/senoa95/vt_agBOT/build/CMakeFiles/CMakeTmp/CheckSymbolExists.c
Linking C executable cmTC_bbd66
/usr/bin/cmake -E cmake_link_script CMakeFiles/cmTC_bbd66.dir/link.txt --verbose=1
/usr/bin/cc       CMakeFiles/cmTC_bbd66.dir/CheckSymbolExists.c.o  -o cmTC_bbd66 -rdynamic 
CMakeFiles/cmTC_bbd66.dir/CheckSymbolExists.c.o: In function `main':
CheckSymbolExists.c:(.text+0x16): undefined reference to `pthread_create'
collect2: error: ld returned 1 exit status
CMakeFiles/cmTC_bbd66.dir/build.make:97: recipe for target 'cmTC_bbd66' failed
make[1]: *** [cmTC_bbd66] Error 1
make[1]: Leaving directory '/home/senoa95/vt_agBOT/build/CMakeFiles/CMakeTmp'
Makefile:126: recipe for target 'cmTC_bbd66/fast' failed
make: *** [cmTC_bbd66/fast] Error 2

File /home/senoa95/vt_agBOT/build/CMakeFiles/CMakeTmp/CheckSymbolExists.c:
/* */
#include <pthread.h>

int main(int argc, char** argv)
{
  (void)argv;
#ifndef pthread_create
  return ((int*)(&pthread_create))[argc];
#else
  (void)argc;
  return 0;
#endif
}

Determining if the function pthread_create exists in the pthreads failed with the following output:
Change Dir: /home/senoa95/vt_agBOT/build/CMakeFiles/CMakeTmp

Run Build Command:"/usr/bin/make" "cmTC_adba0/fast"
/usr/bin/make -f CMakeFiles/cmTC_adba0.dir/build.make CMakeFiles/cmTC_adba0.dir/build
make[1]: Entering directory '/home/senoa95/vt_agBOT/build/CMakeFiles/CMakeTmp'
Building C object CMakeFiles/cmTC_adba0.dir/CheckFunctionExists.c.o
/usr/bin/cc    -DCHECK_FUNCTION_EXISTS=pthread_create   -o CMakeFiles/cmTC_adba0.dir/CheckFunctionExists.c.o   -c /usr/share/cmake-3.5/Modules/CheckFunctionExists.c
Linking C executable cmTC_adba0
/usr/bin/cmake -E cmake_link_script CMakeFiles/cmTC_adba0.dir/link.txt --verbose=1
/usr/bin/cc   -DCHECK_FUNCTION_EXISTS=pthread_create    CMakeFiles/cmTC_adba0.dir/CheckFunctionExists.c.o  -o cmTC_adba0 -rdynamic -lpthreads 
/usr/bin/ld: cannot find -lpthreads
collect2: error: ld returned 1 exit status
CMakeFiles/cmTC_adba0.dir/build.make:97: recipe for target 'cmTC_adba0' failed
make[1]: *** [cmTC_adba0] Error 1
make[1]: Leaving directory '/home/senoa95/vt_agBOT/build/CMakeFiles/CMakeTmp'
Makefile:126: recipe for target 'cmTC_adba0/fast' failed
make: *** [cmTC_adba0/fast] Error 2


