Determining if the pthread_create exist failed with the following output:
Change Dir: /home/agbot/vt_agBOT/build/novatel_gps_msgs/CMakeFiles/CMakeTmp

Run Build Command:"/usr/bin/make" "cmTC_c6a96/fast"
/usr/bin/make -f CMakeFiles/cmTC_c6a96.dir/build.make CMakeFiles/cmTC_c6a96.dir/build
make[1]: Entering directory '/home/agbot/vt_agBOT/build/novatel_gps_msgs/CMakeFiles/CMakeTmp'
Building C object CMakeFiles/cmTC_c6a96.dir/CheckSymbolExists.c.o
/usr/bin/cc     -o CMakeFiles/cmTC_c6a96.dir/CheckSymbolExists.c.o   -c /home/agbot/vt_agBOT/build/novatel_gps_msgs/CMakeFiles/CMakeTmp/CheckSymbolExists.c
Linking C executable cmTC_c6a96
/usr/bin/cmake -E cmake_link_script CMakeFiles/cmTC_c6a96.dir/link.txt --verbose=1
/usr/bin/cc       CMakeFiles/cmTC_c6a96.dir/CheckSymbolExists.c.o  -o cmTC_c6a96 -rdynamic 
CMakeFiles/cmTC_c6a96.dir/CheckSymbolExists.c.o: In function `main':
CheckSymbolExists.c:(.text+0x16): undefined reference to `pthread_create'
collect2: error: ld returned 1 exit status
CMakeFiles/cmTC_c6a96.dir/build.make:97: recipe for target 'cmTC_c6a96' failed
make[1]: *** [cmTC_c6a96] Error 1
make[1]: Leaving directory '/home/agbot/vt_agBOT/build/novatel_gps_msgs/CMakeFiles/CMakeTmp'
Makefile:126: recipe for target 'cmTC_c6a96/fast' failed
make: *** [cmTC_c6a96/fast] Error 2

File /home/agbot/vt_agBOT/build/novatel_gps_msgs/CMakeFiles/CMakeTmp/CheckSymbolExists.c:
/* */
#include <pthread.h>

int main(int argc, char** argv)
{
  (void)argv;
#ifndef pthread_create
  return ((int*)(&pthread_create))[argc];
#else
  (void)argc;
  return 0;
#endif
}

Determining if the function pthread_create exists in the pthreads failed with the following output:
Change Dir: /home/agbot/vt_agBOT/build/novatel_gps_msgs/CMakeFiles/CMakeTmp

Run Build Command:"/usr/bin/make" "cmTC_9fb47/fast"
/usr/bin/make -f CMakeFiles/cmTC_9fb47.dir/build.make CMakeFiles/cmTC_9fb47.dir/build
make[1]: Entering directory '/home/agbot/vt_agBOT/build/novatel_gps_msgs/CMakeFiles/CMakeTmp'
Building C object CMakeFiles/cmTC_9fb47.dir/CheckFunctionExists.c.o
/usr/bin/cc    -DCHECK_FUNCTION_EXISTS=pthread_create   -o CMakeFiles/cmTC_9fb47.dir/CheckFunctionExists.c.o   -c /usr/share/cmake-3.5/Modules/CheckFunctionExists.c
Linking C executable cmTC_9fb47
/usr/bin/cmake -E cmake_link_script CMakeFiles/cmTC_9fb47.dir/link.txt --verbose=1
/usr/bin/cc   -DCHECK_FUNCTION_EXISTS=pthread_create    CMakeFiles/cmTC_9fb47.dir/CheckFunctionExists.c.o  -o cmTC_9fb47 -rdynamic -lpthreads 
/usr/bin/ld: cannot find -lpthreads
collect2: error: ld returned 1 exit status
CMakeFiles/cmTC_9fb47.dir/build.make:97: recipe for target 'cmTC_9fb47' failed
make[1]: *** [cmTC_9fb47] Error 1
make[1]: Leaving directory '/home/agbot/vt_agBOT/build/novatel_gps_msgs/CMakeFiles/CMakeTmp'
Makefile:126: recipe for target 'cmTC_9fb47/fast' failed
make: *** [cmTC_9fb47/fast] Error 2


